
Oct 14, 2020 10:28:00.384 NEW SESSION
Oct 14, 2020 10:28:00.384 Opening in existing browser session.
Oct 14, 2020 10:32:34.137 Opening in existing browser session.
Oct 14, 2020 10:46:03.798 Opening in existing browser session.
Oct 14, 2020 10:47:07.224 Opening in existing browser session.
Oct 14, 2020 10:49:08.06 Opening in existing browser session.
Oct 14, 2020 10:56:24.326 Opening in existing browser session.
Oct 14, 2020 11:05:34.46 Opening in existing browser session.
Oct 14, 2020 11:08:09.871 Opening in existing browser session.

Oct 14, 2020 18:39:15.436 NEW SESSION
Oct 14, 2020 18:39:15.436 Opening in existing browser session.
Oct 14, 2020 18:51:03.139 Opening in existing browser session.
Oct 14, 2020 19:00:43.27 Opening in existing browser session.
Oct 14, 2020 19:03:01.482 Opening in existing browser session.
Oct 14, 2020 19:34:07.73 Opening in existing browser session.
Oct 14, 2020 19:35:01.694 Opening in existing browser session.
Oct 14, 2020 19:38:16.117 Opening in existing browser session.
Oct 14, 2020 19:39:10.616 Opening in existing browser session.
Oct 14, 2020 19:39:39.358 Opening in existing browser session.
Oct 14, 2020 19:41:33.266 Opening in existing browser session.
Oct 14, 2020 19:43:15.534 [12527:12527:1014/194315.534368:ERROR:sandbox_linux.cc(374)] InitializeSandbox() called with multiple threads in process gpu-process.
Oct 14, 2020 19:49:29.302 [12488:12511:1014/194929.301422:ERROR:connection_factory_impl.cc(428)] Failed to connect to MCS endpoint with error -105
Oct 14, 2020 19:49:56.749 [12488:12511:1014/194956.749673:ERROR:connection_factory_impl.cc(428)] Failed to connect to MCS endpoint with error -105
Oct 14, 2020 19:50:11.355 [12488:12511:1014/195011.354892:ERROR:connection_factory_impl.cc(428)] Failed to connect to MCS endpoint with error -105
Oct 14, 2020 19:50:29.352 [12488:12511:1014/195029.352665:ERROR:connection_factory_impl.cc(428)] Failed to connect to MCS endpoint with error -105
Oct 14, 2020 19:50:45.344 [12488:12511:1014/195045.343971:ERROR:connection_factory_impl.cc(428)] Failed to connect to MCS endpoint with error -105
Oct 14, 2020 19:51:01.460 [12488:12511:1014/195101.460127:ERROR:connection_factory_impl.cc(428)] Failed to connect to MCS endpoint with error -105
Oct 14, 2020 19:51:17.363 [12488:12511:1014/195117.363269:ERROR:connection_factory_impl.cc(428)] Failed to connect to MCS endpoint with error -105
Oct 14, 2020 19:51:21.338 Opening in existing browser session.
Oct 14, 2020 19:51:33.448 [12488:12511:1014/195133.448517:ERROR:connection_factory_impl.cc(428)] Failed to connect to MCS endpoint with error -105
Oct 14, 2020 19:52:05.377 [12488:12511:1014/195205.377278:ERROR:connection_factory_impl.cc(428)] Failed to connect to MCS endpoint with error -105
Oct 14, 2020 19:52:25.612 [12488:12511:1014/195225.612176:ERROR:connection_factory_impl.cc(428)] Failed to connect to MCS endpoint with error -105
Oct 14, 2020 19:52:37.576 [12488:12511:1014/195237.576585:ERROR:connection_factory_impl.cc(428)] Failed to connect to MCS endpoint with error -105
Oct 14, 2020 19:52:40.392 Opening in existing browser session.
Oct 14, 2020 19:52:53.455 [12488:12511:1014/195253.455036:ERROR:connection_factory_impl.cc(428)] Failed to connect to MCS endpoint with error -105
Oct 14, 2020 19:54:11.466 [12488:12511:1014/195411.464956:ERROR:connection_factory_impl.cc(428)] Failed to connect to MCS endpoint with error -105
Oct 14, 2020 19:55:13.916 Opening in existing browser session.
Oct 14, 2020 19:56:23.96 Opening in existing browser session.
Oct 14, 2020 19:56:52.588 Opening in existing browser session.
Oct 14, 2020 19:59:57.593 [12488:12511:1014/195957.592271:ERROR:connection_factory_impl.cc(428)] Failed to connect to MCS endpoint with error -105
Oct 14, 2020 20:00:13.559 [12488:12511:1014/200013.559602:ERROR:connection_factory_impl.cc(428)] Failed to connect to MCS endpoint with error -105
Oct 14, 2020 20:00:29.593 [12488:12511:1014/200029.592565:ERROR:connection_factory_impl.cc(428)] Failed to connect to MCS endpoint with error -105
Oct 14, 2020 20:00:45.498 [12488:12511:1014/200045.497015:ERROR:connection_factory_impl.cc(428)] Failed to connect to MCS endpoint with error -105
Oct 14, 2020 20:03:45.455 Opening in existing browser session.
Oct 14, 2020 20:04:21.899 Opening in existing browser session.
Oct 14, 2020 20:07:18.566 Opening in existing browser session.
Oct 14, 2020 20:08:41.160 Opening in existing browser session.
Oct 14, 2020 20:14:42.185 Opening in existing browser session.
Oct 14, 2020 20:14:51.844 Opening in existing browser session.
Oct 14, 2020 20:15:22.968 Opening in existing browser session.
Oct 14, 2020 20:15:44.202 Opening in existing browser session.
Oct 14, 2020 20:16:46.61 [18728:18728:1014/201646.061044:ERROR:sandbox_linux.cc(374)] InitializeSandbox() called with multiple threads in process gpu-process.
Oct 14, 2020 20:17:40.394 Opening in existing browser session.
Oct 14, 2020 20:18:32.268 Opening in existing browser session.
Oct 14, 2020 20:20:44.693 Opening in existing browser session.
Oct 14, 2020 20:24:18.659 Fontconfig error: Cannot load default config file: No such file: (null)
Oct 14, 2020 20:24:33.66 Fontconfig error: Cannot load default config file: No such file: (null)

Oct 18, 2020 21:29:24.367 NEW SESSION
Oct 18, 2020 21:29:24.367 Opening in existing browser session.
Oct 18, 2020 21:35:24.784 Opening in existing browser session.
Oct 18, 2020 21:37:40.669 Opening in existing browser session.
Oct 18, 2020 21:41:20.109 Opening in existing browser session.
Oct 18, 2020 21:42:45.570 Opening in existing browser session.
Oct 18, 2020 21:49:55.643 Opening in existing browser session.
Oct 18, 2020 21:52:10.410 Opening in existing browser session.
Oct 18, 2020 21:54:59.618 Opening in existing browser session.
Oct 18, 2020 21:55:44.911 Opening in existing browser session.
Oct 18, 2020 22:03:04.802 Opening in existing browser session.
Oct 18, 2020 22:03:47.757 Opening in existing browser session.
Oct 18, 2020 22:04:23.695 Opening in existing browser session.
Oct 18, 2020 22:13:07.787 Opening in existing browser session.
Oct 18, 2020 22:23:41.688 Opening in existing browser session.
Oct 18, 2020 22:28:43.577 Opening in existing browser session.
Oct 18, 2020 22:29:14.210 Opening in existing browser session.
Oct 18, 2020 22:31:51.666 Opening in existing browser session.
Oct 18, 2020 22:32:44.400 Opening in existing browser session.
Oct 18, 2020 22:35:52.47 Opening in existing browser session.
Oct 18, 2020 22:38:35.138 Opening in existing browser session.

Oct 21, 2020 03:53:08.718 NEW SESSION
Oct 21, 2020 03:53:08.718 Opening in existing browser session.
Oct 21, 2020 04:22:53.294 Opening in existing browser session.
Oct 21, 2020 04:24:34.109 Opening in existing browser session.
Oct 21, 2020 04:25:52.811 [12635:12635:1021/042552.811799:ERROR:broker_posix.cc(43)] Invalid node channel message
Oct 21, 2020 04:25:52.891 Opening in existing browser session.
Oct 21, 2020 04:25:53.321 [12627:12627:0100/000000.321130:ERROR:sandbox_linux.cc(374)] InitializeSandbox() called with multiple threads in process gpu-process.
Oct 21, 2020 04:25:53.321 [12627:12627:0100/000000.321540:ERROR:broker_posix.cc(43)] Invalid node channel message
Oct 21, 2020 04:26:17.705 Opening in existing browser session.
Oct 21, 2020 04:28:25.697 Opening in existing browser session.
Oct 21, 2020 04:31:30.726 Opening in existing browser session.
Oct 21, 2020 04:34:01.859 Opening in existing browser session.
Oct 21, 2020 04:44:32.901 Opening in existing browser session.
Oct 21, 2020 04:46:20.738 Opening in existing browser session.
Oct 21, 2020 04:48:10.72 Opening in existing browser session.
Oct 21, 2020 04:52:11.867 Opening in existing browser session.
Oct 21, 2020 04:54:26.948 Opening in existing browser session.
Oct 21, 2020 04:56:00.714 Opening in existing browser session.
Oct 21, 2020 04:57:44.756 Opening in existing browser session.
Oct 21, 2020 04:57:59.103 Opening in existing browser session.
Oct 21, 2020 05:00:09.739 Opening in existing browser session.
Oct 21, 2020 05:02:23.732 Opening in existing browser session.

Oct 21, 2020 10:49:44.250 NEW SESSION
Oct 21, 2020 10:49:44.250 [6493:6493:1021/104944.248805:ERROR:broker_posix.cc(43)] Invalid node channel message
Oct 21, 2020 10:49:44.303 [6491:6491:1021/104944.302983:ERROR:sandbox_linux.cc(374)] InitializeSandbox() called with multiple threads in process gpu-process.
Oct 21, 2020 10:49:44.304 [6491:6491:1021/104944.303821:ERROR:broker_posix.cc(43)] Invalid node channel message
Oct 21, 2020 10:49:44.305 Opening in existing browser session.
Oct 21, 2020 10:59:43.684 Opening in existing browser session.
Oct 21, 2020 11:08:12.764 Opening in existing browser session.
Oct 21, 2020 11:08:52.806 Opening in existing browser session.
Oct 21, 2020 11:10:01.131 Opening in existing browser session.
Oct 21, 2020 11:11:32.45 Opening in existing browser session.
Oct 21, 2020 11:19:48.760 Opening in existing browser session.
Oct 21, 2020 11:20:32.742 Opening in existing browser session.
Oct 21, 2020 11:26:03.34 Opening in existing browser session.
Oct 21, 2020 11:27:19.158 Opening in existing browser session.
Oct 21, 2020 11:31:32.969 Opening in existing browser session.
Oct 21, 2020 11:44:21.71 Opening in existing browser session.
Oct 21, 2020 11:56:57.271 Opening in existing browser session.
